<?xml version="1.0" encoding="UTF-8"?>
<testsuite xmlns:xsi="http://www.w3.org/2001/XMLSchema-instance" xsi:noNamespaceSchemaLocation="https://maven.apache.org/surefire/maven-surefire-plugin/xsd/surefire-test-report-3.0.xsd" version="3.0" name="GenericFixtureTest" time="3.168" tests="29" errors="0" skipped="0" failures="0">
  <properties>
[...]
</properties>
  <testcase name="shouldSet_complexListString_And_String_Field" classname="GenericFixtureTest" time="2.542"/>
  <testcase name="shouldSet_Integer_Field" classname="GenericFixtureTest" time="0.023"/>
  <testcase name="shouldSet_ComplexTypeString_And_complexListString_Field" classname="GenericFixtureTest" time="0.007"/>
  <testcase name="shouldIgnore_ComplexTypeString_And_complexListString_Field" classname="GenericFixtureTest" time="0.072"/>
  <testcase name="shouldSet_ComplexTypeString_And_complexListString_And_String_Field" classname="GenericFixtureTest" time="0.008"/>
  <testcase name="shouldSet_complexList_Field" classname="GenericFixtureTest" time="0.053"/>
  <testcase name="shouldSet_ComplexTypeInteger_Field" classname="GenericFixtureTest" time="0.018"/>
  <testcase name="shouldIgnore_ComplexType_String_Field" classname="GenericFixtureTest" time="0.015"/>
  <testcase name="shouldIgnore_complexList_String_Field" classname="GenericFixtureTest" time="0.015"/>
  <testcase name="shouldIgnore_ComplexType_And_String_Field" classname="GenericFixtureTest" time="0.013"/>
  <testcase name="shouldCreateInstanceWithoutNoArgsConstructorAndCustomValues" classname="GenericFixtureTest" time="0.023"/>
  <testcase name="shouldIgnore_ComplexType_Field" classname="GenericFixtureTest" time="0.012"/>
  <testcase name="shouldIgnore_ComplexTypeInteger_Field" classname="GenericFixtureTest" time="0.012"/>
  <testcase name="shouldSet_ComplexType_And_String_Field" classname="GenericFixtureTest" time="0.012"/>
  <testcase name="shouldSet_ComplexType_Field" classname="GenericFixtureTest" time="0.012"/>
  <testcase name="shouldIgnore_ComplexTypeDeepestTypeDeepest_Field" classname="GenericFixtureTest" time="0.024"/>
  <testcase name="shouldTestFieldWithAnnotations" classname="GenericFixtureTest" time="0.053"/>
  <testcase name="shouldIgnore_String_Field" classname="GenericFixtureTest" time="0.008"/>
  <testcase name="shouldValidateAllFields" classname="GenericFixtureTest" time="0.009"/>
  <testcase name="shouldIgnore_ComplexTypeString_And_complexListString_And_String_Field" classname="GenericFixtureTest" time="0.01"/>
  <testcase name="shouldIgnore_ComplexTypeString_And_String_Field" classname="GenericFixtureTest" time="0.01"/>
  <testcase name="shouldSet_ComplexType_String_Field" classname="GenericFixtureTest" time="0.008"/>
  <testcase name="shouldIgnore_complexListString_And_String_Field" classname="GenericFixtureTest" time="0.008"/>
  <testcase name="shouldCreateInstanceWithoutNoArgsConstructor" classname="GenericFixtureTest" time="0.002"/>
  <testcase name="shouldIgnore_Integer_Field" classname="GenericFixtureTest" time="0.007"/>
  <testcase name="shouldSet_complexList_String_Field" classname="GenericFixtureTest" time="0.011"/>
  <testcase name="shouldSet_ComplexTypeDeepestTypeDeepest_Field" classname="GenericFixtureTest" time="0.009"/>
  <testcase name="shouldSet_ComplexTypeString_And_String_Field" classname="GenericFixtureTest" time="0.012"/>
  <testcase name="shouldIgnore_complexList_Field" classname="GenericFixtureTest" time="0.013"/>
</testsuite>